<?xml version="1.0" encoding="UTF-8"?>
<testsuite name="com.flashdrop.observability.security.InternalApiKeyFilterTest" tests="5" skipped="0" failures="0" errors="0" timestamp="2026-08-24T22:01:14" hostname="LAPTOP-PT0UERNE" time="0.088">
  <properties/>
  <testcase name="wrongKey_returns401()" classname="com.flashdrop.observability.security.InternalApiKeyFilterTest" time="0.078"/>
  <testcase name="missingKey_returns401()" classname="com.flashdrop.observability.security.InternalApiKeyFilterTest" time="0.005"/>
  <testcase name="wrongKey_timingAttack_resistant()" classname="com.flashdrop.observability.security.InternalApiKeyFilterTest" time="0.001"/>
  <testcase name="correctKey_passesThrough()" classname="com.flashdrop.observability.security.InternalApiKeyFilterTest" time="0.001"/>
  <testcase name="nonInternalPath_bypassesFilter()" classname="com.flashdrop.observability.security.InternalApiKeyFilterTest" time="0.001"/>
  <system-out><![CDATA[]]></system-out>
  <system-err><![CDATA[]]></system-err>
</testsuite>
